zPhone/manifest-merger-free-release-report.txt
-- Merging decision tree log ---
manifest
ADDED from AndroidManifest.xml:2:1
	package
		ADDED from AndroidManifest.xml:4:5
		INJECTED from AndroidManifest.xml:0:0
		INJECTED from AndroidManifest.xml:0:0
	android:versionName
		ADDED from AndroidManifest.xml:6:5
		INJECTED from AndroidManifest.xml:0:0
		INJECTED from AndroidManifest.xml:0:0
	xmlns:tools
		ADDED from AndroidManifest.xml:3:5
	android:versionCode
		ADDED from AndroidManifest.xml:5:5
		INJECTED from AndroidManifest.xml:0:0
		INJECTED from AndroidManifest.xml:0:0
	xmlns:android
		ADDED from AndroidManifest.xml:2:11
uses-sdk
ADDED from AndroidManifest.xml:8:5
MERGED from com.android.support:multidex:1.0.0:18:5
MERGED from ZPhone:library:unspecified:7:5
MERGED from com.android.support:support-v4:21.0.3:15:5
MERGED from ZPhone:swipeMenuListView:unspecified:7:5
MERGED from com.android.support:support-v4:21.0.3:15:5
MERGED from ZPhone:androidngnstack:unspecified:7:5
MERGED from com.android.support:multidex:1.0.0:18:5
MERGED from ZPhone:switchButton:unspecified:7:5
MERGED from ZPhone:VLCLibrary:unspecified:7:5
MERGED from ZPhone:PanningViewLibrary:unspecified:5:5
MERGED from com.android.support:support-v4:21.0.3:15:5
MERGED from com.android.support:support-v4:21.0.3:15:5
MERGED from com.actionbarsherlock:actionbarsherlock:4.4.0:3:3
MERGED from ZPhone:paho:unspecified:7:5
MERGED from com.diegocarloslima:fgelv:0.1.2:7:5
MERGED from com.github.snowdream.android.app:updater:1.0:3:5
MERGED from com.android.support:support-v4:21.0.3:15:5
MERGED from com.google.android.gms:play-services:6.5.87:18:5
MERGED from com.android.support:support-v4:21.0.3:15:5
MERGED from com.actionbarsherlock:actionbarsherlock:4.4.0:3:3
MERGED from info.hoang8f:android-segmented:1.0.4:7:5
MERGED from ZPhone:swipeMenuListView:unspecified:7:5
MERGED from com.android.support:support-v4:21.0.3:15:5
	tools:overrideLibrary
		ADDED from AndroidManifest.xml:11:9
	android:targetSdkVersion
		ADDED from AndroidManifest.xml:10:9
		INJECTED from AndroidManifest.xml:0:0
		INJECTED from AndroidManifest.xml:0:0
	android:minSdkVersion
		ADDED from AndroidManifest.xml:9:9
		INJECTED from AndroidManifest.xml:0:0
		INJECTED from AndroidManifest.xml:0:0
uses-permission#android.permission.READ_CALL_LOG
ADDED from AndroidManifest.xml:13:5
	android:name
		ADDED from AndroidManifest.xml:13:22
uses-permission#android.permission.WRITE_CALL_LOG
ADDED from AndroidManifest.xml:14:5
	android:name
		ADDED from AndroidManifest.xml:14:22
uses-permission#android.permission.GET_ACCOUNTS
ADDED from AndroidManifest.xml:15:5
	android:name
		ADDED from AndroidManifest.xml:15:22
uses-permission#android.permission.READ_PROFILE
ADDED from AndroidManifest.xml:16:5
	android:name
		ADDED from AndroidManifest.xml:16:22
uses-permission#android.permission.READ_CONTACTS
ADDED from AndroidManifest.xml:17:5
MERGED from ZPhone:androidngnstack:unspecified:25:5
	android:name
		ADDED from AndroidManifest.xml:17:22
uses-permission#android.permission.INTERNET
ADDED from AndroidManifest.xml:18:5
MERGED from ZPhone:androidngnstack:unspecified:11:5
MERGED from ZPhone:VLCLibrary:unspecified:11:5
MERGED from ZPhone:paho:unspecified:13:5
	android:name
		ADDED from AndroidManifest.xml:18:22
uses-permission#android.permission.ACCESS_WIFI_STATE
ADDED from AndroidManifest.xml:19:5
MERGED from ZPhone:androidngnstack:unspecified:12:5
	android:name
		ADDED from AndroidManifest.xml:19:22
uses-permission#android.permission.ACCESS_NETWORK_STATE
ADDED from AndroidManifest.xml:20:5
MERGED from ZPhone:androidngnstack:unspecified:13:5
MERGED from ZPhone:paho:unspecified:15:5
	android:name
		ADDED from AndroidManifest.xml:20:22
uses-permission#android.permission.CHANGE_WIFI_STATE
ADDED from AndroidManifest.xml:21:5
MERGED from ZPhone:androidngnstack:unspecified:14:5
	android:name
		ADDED from AndroidManifest.xml:21:22
uses-permission#android.permission.CHANGE_NETWORK_STATE
ADDED from AndroidManifest.xml:22:5
MERGED from ZPhone:androidngnstack:unspecified:15:5
	android:name
		ADDED from AndroidManifest.xml:22:22
uses-permission#android.permission.WRITE_EXTERNAL_STORAGE
ADDED from AndroidManifest.xml:23:5
MERGED from ZPhone:androidngnstack:unspecified:16:5
MERGED from ZPhone:paho:unspecified:14:5
	android:name
		ADDED from AndroidManifest.xml:23:22
uses-permission#android.permission.CAMERA
ADDED from AndroidManifest.xml:24:5
MERGED from ZPhone:androidngnstack:unspecified:17:5
	android:name
		ADDED from AndroidManifest.xml:24:22
uses-permission#android.permission.WAKE_LOCK
ADDED from AndroidManifest.xml:25:5
MERGED from ZPhone:androidngnstack:unspecified:18:5
MERGED from ZPhone:paho:unspecified:12:5
	android:name
		ADDED from AndroidManifest.xml:25:22
uses-permission#android.permission.RECORD_AUDIO
ADDED from AndroidManifest.xml:26:5
MERGED from ZPhone:androidngnstack:unspecified:19:5
	android:name
		ADDED from AndroidManifest.xml:26:22
uses-permission#android.permission.MODIFY_AUDIO_SETTINGS
ADDED from AndroidManifest.xml:27:5
MERGED from ZPhone:androidngnstack:unspecified:20:5
MERGED from ZPhone:androidngnstack:unspecified:31:5
MERGED from ZPhone:VLCLibrary:unspecified:12:5
	android:name
		ADDED from AndroidManifest.xml:27:22
uses-permission#android.permission.VIBRATE
ADDED from AndroidManifest.xml:28:5
MERGED from ZPhone:androidngnstack:unspecified:21:5
	android:name
		ADDED from AndroidManifest.xml:28:22
uses-permission#android.permission.RECEIVE_BOOT_COMPLETED
ADDED from AndroidManifest.xml:29:5
MERGED from ZPhone:androidngnstack:unspecified:22:5
	android:name
		ADDED from AndroidManifest.xml:29:22
uses-permission#android.permission.WRITE_SETTINGS
ADDED from AndroidManifest.xml:30:5
MERGED from ZPhone:androidngnstack:unspecified:23:5
	android:name
		ADDED from AndroidManifest.xml:30:22
uses-permission#android.permission.DISABLE_KEYGUARD
ADDED from AndroidManifest.xml:31:5
MERGED from ZPhone:androidngnstack:unspecified:24:5
	android:name
		ADDED from AndroidManifest.xml:31:22
uses-permission#android.permission.WRITE_CONTACTS
ADDED from AndroidManifest.xml:33:5
MERGED from ZPhone:androidngnstack:unspecified:26:5
	android:name
		ADDED from AndroidManifest.xml:33:22
uses-permission#android.permission.READ_PHONE_STATE
ADDED from AndroidManifest.xml:34:5
MERGED from ZPhone:androidngnstack:unspecified:27:5
	android:name
		ADDED from AndroidManifest.xml:34:22
uses-permission#android.permission.PROCESS_OUTGOING_CALLS
ADDED from AndroidManifest.xml:35:5
MERGED from ZPhone:androidngnstack:unspecified:28:5
	android:name
		ADDED from AndroidManifest.xml:35:22
uses-permission#android.permission.CALL_PHONE
ADDED from AndroidManifest.xml:36:5
MERGED from ZPhone:androidngnstack:unspecified:29:5
	android:name
		ADDED from AndroidManifest.xml:36:22
uses-permission#android.permission.RAISED_THREAD_PRIORITY
ADDED from AndroidManifest.xml:37:5
MERGED from ZPhone:androidngnstack:unspecified:30:5
	android:name
		ADDED from AndroidManifest.xml:37:22
application
ADDED from AndroidManifest.xml:40:5
MERGED from ZPhone:library:unspecified:11:5
MERGED from com.android.support:support-v4:21.0.3:16:5
MERGED from ZPhone:swipeMenuListView:unspecified:11:5
MERGED from com.android.support:support-v4:21.0.3:16:5
MERGED from ZPhone:androidngnstack:unspecified:43:5
MERGED from ZPhone:switchButton:unspecified:11:5
MERGED from ZPhone:VLCLibrary:unspecified:15:5
MERGED from ZPhone:libvlc:unspecified:7:5
MERGED from ZPhone:PanningViewLibrary:unspecified:9:5
MERGED from com.android.support:support-v4:21.0.3:16:5
MERGED from com.android.support:support-v4:21.0.3:16:5
MERGED from com.actionbarsherlock:actionbarsherlock:4.4.0:4:3
MERGED from ZPhone:paho:unspecified:21:5
MERGED from com.github.snowdream.android.app:updater:1.0:5:5
MERGED from com.android.support:support-v4:21.0.3:16:5
MERGED from com.google.android.gms:play-services:6.5.87:20:5
MERGED from com.android.support:support-v4:21.0.3:16:5
MERGED from com.actionbarsherlock:actionbarsherlock:4.4.0:4:3
MERGED from ZPhone:swipeMenuListView:unspecified:11:5
MERGED from com.android.support:support-v4:21.0.3:16:5
	android:label
		ADDED from AndroidManifest.xml:46:9
		REJECTED from ZPhone:library:unspecified:14:9
		REJECTED from ZPhone:swipeMenuListView:unspecified:14:9
		REJECTED from ZPhone:androidngnstack:unspecified:47:9
		REJECTED from ZPhone:switchButton:unspecified:14:9
		REJECTED from ZPhone:VLCLibrary:unspecified:18:9
		REJECTED from ZPhone:paho:unspecified:24:9
		REJECTED from ZPhone:swipeMenuListView:unspecified:14:9
	android:supportsRtl
		ADDED from AndroidManifest.xml:48:9
	android:hardwareAccelerated
		ADDED from ZPhone:androidngnstack:unspecified:45:9
	android:allowBackup
		ADDED from AndroidManifest.xml:44:9
	android:anyDensity
		ADDED from AndroidManifest.xml:43:9
	android:icon
		ADDED from AndroidManifest.xml:45:9
		REJECTED from ZPhone:library:unspecified:13:9
		REJECTED from ZPhone:swipeMenuListView:unspecified:13:9
		REJECTED from ZPhone:androidngnstack:unspecified:46:9
		REJECTED from ZPhone:switchButton:unspecified:13:9
		REJECTED from ZPhone:VLCLibrary:unspecified:17:9
		REJECTED from ZPhone:paho:unspecified:23:9
		REJECTED from ZPhone:swipeMenuListView:unspecified:13:9
	android:persistent
		ADDED from AndroidManifest.xml:47:9
	android:theme
		ADDED from AndroidManifest.xml:49:9
		REJECTED from ZPhone:library:unspecified:15:9
		REJECTED from ZPhone:swipeMenuListView:unspecified:15:9
		REJECTED from ZPhone:switchButton:unspecified:15:9
		REJECTED from ZPhone:VLCLibrary:unspecified:19:9
		REJECTED from ZPhone:paho:unspecified:25:9
		REJECTED from ZPhone:swipeMenuListView:unspecified:15:9
	tools:replace
		ADDED from AndroidManifest.xml:41:9
	android:name
		ADDED from AndroidManifest.xml:42:9
		REJECTED from ZPhone:androidngnstack:unspecified:44:9
meta-data#productFlavors
ADDED from AndroidManifest.xml:50:9
	android:value
		ADDED from AndroidManifest.xml:51:13
		INJECTED from AndroidManifest.xml:0:0
	android:name
		ADDED from AndroidManifest.xml:52:13
service#com.zycoo.android.zphone.NativeService
ADDED from AndroidManifest.xml:54:9
	android:name
		ADDED from AndroidManifest.xml:54:18
service#org.eclipse.paho.android.service.MqttService
ADDED from AndroidManifest.xml:57:9
	android:name
		ADDED from AndroidManifest.xml:57:18
activity#com.zycoo.android.zphone.ui.LaunchActivity
ADDED from AndroidManifest.xml:59:9
	android:screenOrientation
		ADDED from AndroidManifest.xml:62:13
	android:label
		ADDED from AndroidManifest.xml:61:13
	android:name
		ADDED from AndroidManifest.xml:60:13
intent-filter#android.intent.action.MAIN+android.intent.category.LAUNCHER
ADDED from AndroidManifest.xml:63:13
	android:priority
		ADDED from AndroidManifest.xml:63:28
action#android.intent.action.MAIN
ADDED from AndroidManifest.xml:64:17
	android:name
		ADDED from AndroidManifest.xml:64:25
category#android.intent.category.LAUNCHER
ADDED from AndroidManifest.xml:66:17
	android:name
		ADDED from AndroidManifest.xml:66:27
activity#com.zycoo.android.zphone.ui.MainActivity
ADDED from AndroidManifest.xml:69:9
	android:screenOrientation
		ADDED from AndroidManifest.xml:73:13
	android:label
		ADDED from AndroidManifest.xml:71:13
	android:launchMode
		ADDED from AndroidManifest.xml:72:13
	android:windowSoftInputMode
		ADDED from AndroidManifest.xml:74:13
	android:name
		ADDED from AndroidManifest.xml:70:13
activity#com.zycoo.android.zphone.ui.LoginActivity
ADDED from AndroidManifest.xml:77:9
	android:screenOrientation
		ADDED from AndroidManifest.xml:80:13
	android:label
		ADDED from AndroidManifest.xml:79:13
	android:windowSoftInputMode
		ADDED from AndroidManifest.xml:81:13
	android:name
		ADDED from AndroidManifest.xml:78:13
activity#com.zycoo.android.zphone.ui.SplashActivity
ADDED from AndroidManifest.xml:82:9
	android:screenOrientation
		ADDED from AndroidManifest.xml:85:13
	android:label
		ADDED from AndroidManifest.xml:84:13
	android:name
		ADDED from AndroidManifest.xml:83:13
activity#com.zycoo.android.zphone.ui.dialpad.ScreenAV
ADDED from AndroidManifest.xml:86:9
	android:screenOrientation
		ADDED from AndroidManifest.xml:88:13
	android:name
		ADDED from AndroidManifest.xml:87:13
activity#com.zycoo.android.zphone.ui.AccountSettingsActivity
ADDED from AndroidManifest.xml:89:9
	android:screenOrientation
		ADDED from AndroidManifest.xml:92:13
	android:label
		ADDED from AndroidManifest.xml:91:13
	android:name
		ADDED from AndroidManifest.xml:90:13
activity#com.zycoo.android.zphone.account.AccountsEditList
ADDED from AndroidManifest.xml:94:9
	android:screenOrientation
		ADDED from AndroidManifest.xml:96:13
	android:name
		ADDED from AndroidManifest.xml:95:13
activity#com.zycoo.android.zphone.ui.contacts.ContactDetailActivity
ADDED from AndroidManifest.xml:99:9
	android:screenOrientation
		ADDED from AndroidManifest.xml:101:13
	android:name
		ADDED from AndroidManifest.xml:100:13
meta-data#android.support.PARENT_ACTIVITY
ADDED from AndroidManifest.xml:102:13
	android:value
		ADDED from AndroidManifest.xml:104:17
	android:name
		ADDED from AndroidManifest.xml:103:17
activity#com.zycoo.android.zphone.ui.IdentitySettingsActivity
ADDED from AndroidManifest.xml:106:9
	android:screenOrientation
		ADDED from AndroidManifest.xml:109:13
	android:label
		ADDED from AndroidManifest.xml:107:13
	android:name
		ADDED from AndroidManifest.xml:108:13
receiver#com.zycoo.android.zphone.GlobalBroadcastReceiver
ADDED from AndroidManifest.xml:115:9
	android:name
		ADDED from AndroidManifest.xml:115:19
intent-filter#android.intent.action.BOOT_COMPLETED
ADDED from AndroidManifest.xml:116:13
action#android.intent.action.BOOT_COMPLETED
ADDED from AndroidManifest.xml:117:17
	android:name
		ADDED from AndroidManifest.xml:117:25
activity#com.zycoo.android.zphone.ui.contacts.ContactsPBXActivity
ADDED from AndroidManifest.xml:122:9
	android:screenOrientation
		ADDED from AndroidManifest.xml:125:13
	android:label
		ADDED from AndroidManifest.xml:124:13
	android:name
		ADDED from AndroidManifest.xml:123:13
activity#com.zycoo.android.zphone.ui.dialpad.ScreenAVQueue
ADDED from AndroidManifest.xml:130:9
	android:screenOrientation
		ADDED from AndroidManifest.xml:133:13
	android:label
		ADDED from AndroidManifest.xml:132:13
	android:name
		ADDED from AndroidManifest.xml:131:13
activity#com.zycoo.android.zphone.ui.settings.ScreenSettingsActivity
ADDED from AndroidManifest.xml:137:9
	android:screenOrientation
		ADDED from AndroidManifest.xml:140:13
	android:label
		ADDED from AndroidManifest.xml:139:13
	android:name
		ADDED from AndroidManifest.xml:138:13
activity#com.zycoo.android.zphone.ui.settings.ScreenNetworkActivity
ADDED from AndroidManifest.xml:145:9
	android:screenOrientation
		ADDED from AndroidManifest.xml:148:13
	android:label
		ADDED from AndroidManifest.xml:146:13
	android:name
		ADDED from AndroidManifest.xml:147:13
activity#com.zycoo.android.zphone.ui.settings.ScreenGeneralActivity
ADDED from AndroidManifest.xml:153:9
	android:screenOrientation
		ADDED from AndroidManifest.xml:156:13
	android:label
		ADDED from AndroidManifest.xml:154:13
	android:name
		ADDED from AndroidManifest.xml:155:13
activity#com.zycoo.android.zphone.ui.settings.ScreenSecurityActivity
ADDED from AndroidManifest.xml:161:9
	android:screenOrientation
		ADDED from AndroidManifest.xml:164:13
	android:label
		ADDED from AndroidManifest.xml:162:13
	android:name
		ADDED from AndroidManifest.xml:163:13
activity#com.zycoo.android.zphone.ui.settings.ScreenCodecsActivity
ADDED from AndroidManifest.xml:169:9
	android:screenOrientation
		ADDED from AndroidManifest.xml:172:13
	android:label
		ADDED from AndroidManifest.xml:170:13
	android:name
		ADDED from AndroidManifest.xml:171:13
activity#com.zycoo.android.zphone.ui.settings.ScreenQoS
ADDED from AndroidManifest.xml:177:9
	android:screenOrientation
		ADDED from AndroidManifest.xml:180:13
	android:label
		ADDED from AndroidManifest.xml:178:13
	android:name
		ADDED from AndroidManifest.xml:179:13
activity#com.zycoo.android.zphone.ui.settings.ScreenNattActivity
ADDED from AndroidManifest.xml:185:9
	android:screenOrientation
		ADDED from AndroidManifest.xml:188:13
	android:label
		ADDED from AndroidManifest.xml:186:13
	android:name
		ADDED from AndroidManifest.xml:187:13
activity#com.zycoo.android.zphone.ui.settings.AboutActivity
ADDED from AndroidManifest.xml:193:9
	android:label
		ADDED from AndroidManifest.xml:195:13
	android:name
		ADDED from AndroidManifest.xml:194:13
activity#com.zycoo.android.zphone.ui.settings.HelpActivity
ADDED from AndroidManifest.xml:200:9
	android:screenOrientation
		ADDED from AndroidManifest.xml:202:13
	android:name
		ADDED from AndroidManifest.xml:201:13
instrumentation#android.test.InstrumentationTestRunner
ADDED from AndroidManifest.xml:209:9
	android:targetPackage
		ADDED from AndroidManifest.xml:210:13
	android:name
		ADDED from AndroidManifest.xml:211:13
uses-library#android.test.runner
ADDED from AndroidManifest.xml:212:9
	android:name
		ADDED from AndroidManifest.xml:212:23
meta-data#com.google.android.gms.version
ADDED from AndroidManifest.xml:214:9
MERGED from com.google.android.gms:play-services:6.5.87:21:9
	android:value
		ADDED from AndroidManifest.xml:216:13
	android:name
		ADDED from AndroidManifest.xml:215:13
uses-feature#0x00020000
ADDED from ZPhone:androidngnstack:unspecified:33:5
	android:glEsVersion
		ADDED from ZPhone:androidngnstack:unspecified:34:9
	android:required
		ADDED from ZPhone:androidngnstack:unspecified:35:9
uses-feature#android.hardware.camera
ADDED from ZPhone:androidngnstack:unspecified:36:5
	android:required
		ADDED from ZPhone:androidngnstack:unspecified:38:9
	android:name
		ADDED from ZPhone:androidngnstack:unspecified:37:9
uses-feature#android.hardware.audio.low_latency
ADDED from ZPhone:androidngnstack:unspecified:39:5
	android:required
		ADDED from ZPhone:androidngnstack:unspecified:41:9
	android:name
		ADDED from ZPhone:androidngnstack:unspecified:40:9
string
ADDED from ZPhone:androidngnstack:unspecified:48:9
	name
		ADDED from ZPhone:androidngnstack:unspecified:48:17
service#org.doubango.ngn.NgnNativeService
ADDED from ZPhone:androidngnstack:unspecified:51:9
	android:name
		ADDED from ZPhone:androidngnstack:unspecified:51:18
uses-permission#android.permission.READ_EXTERNAL_STORAGE
ADDED from ZPhone:VLCLibrary:unspecified:13:5
	android:name
		ADDED from ZPhone:VLCLibrary:unspecified:13:22
activity#com.tqcenglish.vlcdemo.AudioPlayActivity
ADDED from ZPhone:VLCLibrary:unspecified:20:9
	android:screenOrientation
		ADDED from ZPhone:VLCLibrary:unspecified:24:13
	android:label
		ADDED from ZPhone:VLCLibrary:unspecified:22:13
	android:launchMode
		ADDED from ZPhone:VLCLibrary:unspecified:23:13
	android:name
		ADDED from ZPhone:VLCLibrary:unspecified:21:13
activity#com.tqcenglish.vlcdemo.VideoActivity
ADDED from ZPhone:VLCLibrary:unspecified:34:9
	android:label
		ADDED from ZPhone:VLCLibrary:unspecified:37:13
	android:configChanges
		ADDED from ZPhone:VLCLibrary:unspecified:36:13
	android:theme
		ADDED from ZPhone:VLCLibrary:unspecified:38:13
	android:name
		ADDED from ZPhone:VLCLibrary:unspecified:35:13
service#com.tqcenglish.vlcdemo.AudioPlayerService
ADDED from ZPhone:VLCLibrary:unspecified:41:9
	android:name
		ADDED from ZPhone:VLCLibrary:unspecified:41:18
receiver#com.tqcenglish.vlcdemo.RemoteControlReceiver
ADDED from ZPhone:VLCLibrary:unspecified:43:9
	android:name
		ADDED from ZPhone:VLCLibrary:unspecified:43:19